<?xml version="1.0" encoding="UTF-8"?>
<!-- Generated by org.testng.reporters.JUnitReportReporter -->
<testsuite hostname="DESKTOP-39CPDM6" failures="0" tests="4" name="com.sgtesting.tests.Testcases" time="0.016" errors="0" timestamp="2022-07-28T09:57:13 IST" skipped="0">
  <testcase classname="com.sgtesting.tests.Testcases" name="method2" time="0.002"/>
  <system-out/>
  <testcase classname="com.sgtesting.tests.Testcases" name="method4" time="0.002"/>
  <system-out/>
  <testcase classname="com.sgtesting.tests.Testcases" name="method1" time="0.011"/>
  <system-out/>
  <testcase classname="com.sgtesting.tests.Testcases" name="method3" time="0.001"/>
  <system-out/>
</testsuite> <!-- com.sgtesting.tests.Testcases -->
