<?xml version="1.0" encoding="UTF-8"?>
<!-- Generated by org.testng.reporters.JUnitReportReporter -->
<testsuite hostname="DESKTOP-39CPDM6" failures="0" tests="9" name="com.sgtesting.tests.ModifyCustomer" time="36.707" errors="0" timestamp="2022-07-29T23:55:05 IST" skipped="0">
  <testcase classname="com.sgtesting.tests.ModifyCustomer" name="openbrowser" time="3.669"/>
  <system-out/>
  <testcase classname="com.sgtesting.tests.ModifyCustomer" name="navigate" time="3.568"/>
  <system-out/>
  <testcase classname="com.sgtesting.tests.ModifyCustomer" name="login" time="7.325"/>
  <system-out/>
  <testcase classname="com.sgtesting.tests.ModifyCustomer" name="minimizeflyoutwindow" time="2.090"/>
  <system-out/>
  <testcase classname="com.sgtesting.tests.ModifyCustomer" name="createtask" time="6.013"/>
  <system-out/>
  <testcase classname="com.sgtesting.tests.ModifyCustomer" name="modify" time="4.321"/>
  <system-out/>
  <testcase classname="com.sgtesting.tests.ModifyCustomer" name="delete" time="4.323"/>
  <system-out/>
  <testcase classname="com.sgtesting.tests.ModifyCustomer" name="logout" time="5.296"/>
  <system-out/>
  <testcase classname="com.sgtesting.tests.ModifyCustomer" name="exit" time="0.102"/>
  <system-out/>
</testsuite> <!-- com.sgtesting.tests.ModifyCustomer -->
