<?xml version="1.0" encoding="UTF-8"?>
<!-- Generated by org.testng.reporters.JUnitReportReporter -->
<testsuite hostname="DESKTOP-39CPDM6" failures="0" tests="11" name="com.sgtesting.tests.ModifyProject" time="48.336" errors="0" timestamp="2022-07-27T11:11:34 IST" skipped="0">
  <testcase classname="com.sgtesting.tests.ModifyProject" name="launchBrowser" time="2.674"/>
  <system-out/>
  <testcase classname="com.sgtesting.tests.ModifyProject" name="navigate" time="3.582"/>
  <system-out/>
  <testcase classname="com.sgtesting.tests.ModifyProject" name="login" time="5.216"/>
  <system-out/>
  <testcase classname="com.sgtesting.tests.ModifyProject" name="minimizeflyoutwindow" time="2.059"/>
  <system-out/>
  <testcase classname="com.sgtesting.tests.ModifyProject" name="createCustomer" time="6.643"/>
  <system-out/>
  <testcase classname="com.sgtesting.tests.ModifyProject" name="createproject" time="4.209"/>
  <system-out/>
  <testcase classname="com.sgtesting.tests.ModifyProject" name="modifyproject" time="6.216"/>
  <system-out/>
  <testcase classname="com.sgtesting.tests.ModifyProject" name="deleteproject" time="8.217"/>
  <system-out/>
  <testcase classname="com.sgtesting.tests.ModifyProject" name="delete" time="6.236"/>
  <system-out/>
  <testcase classname="com.sgtesting.tests.ModifyProject" name="logout" time="3.198"/>
  <system-out/>
  <testcase classname="com.sgtesting.tests.ModifyProject" name="exit" time="0.086"/>
  <system-out/>
</testsuite> <!-- com.sgtesting.tests.ModifyProject -->
