<?xml version="1.0" encoding="UTF-8"?>
<!-- Generated by org.testng.reporters.JUnitReportReporter -->
<testsuite hostname="DESKTOP-39CPDM6" failures="0" tests="9" name="com.sgtesting.parameterized.ModifyUser" time="48.863" errors="0" timestamp="2022-07-24T19:23:59 IST" skipped="0">
  <testcase classname="com.sgtesting.parameterized.ModifyUser" name="launchBrowser" time="0.834"/>
  <system-out/>
  <testcase classname="com.sgtesting.parameterized.ModifyUser" name="navigate" time="5.752"/>
  <system-out/>
  <testcase classname="com.sgtesting.parameterized.ModifyUser" name="login" time="7.323"/>
  <system-out/>
  <testcase classname="com.sgtesting.parameterized.ModifyUser" name="minimize" time="1.069"/>
  <system-out/>
  <testcase classname="com.sgtesting.parameterized.ModifyUser" name="createuser" time="11.366"/>
  <system-out/>
  <testcase classname="com.sgtesting.parameterized.ModifyUser" name="modify" time="7.612"/>
  <system-out/>
  <testcase classname="com.sgtesting.parameterized.ModifyUser" name="deleteuser" time="9.286"/>
  <system-out/>
  <testcase classname="com.sgtesting.parameterized.ModifyUser" name="logout" time="5.516"/>
  <system-out/>
  <testcase classname="com.sgtesting.parameterized.ModifyUser" name="exit" time="0.105"/>
  <system-out/>
</testsuite> <!-- com.sgtesting.parameterized.ModifyUser -->
