<?xml version="1.0" encoding="UTF-8"?>
<!-- Generated by org.testng.reporters.JUnitReportReporter -->
<testsuite hostname="DESKTOP-39CPDM6" failures="0" tests="8" name="com.sgtesting.tests.CreateuserScenario" time="40.020" errors="0" timestamp="2022-07-29T21:36:05 IST" skipped="0">
  <testcase classname="com.sgtesting.tests.CreateuserScenario" name="launchBrowser" time="1.808"/>
  <system-out/>
  <testcase classname="com.sgtesting.tests.CreateuserScenario" name="navigate" time="2.668"/>
  <system-out/>
  <testcase classname="com.sgtesting.tests.CreateuserScenario" name="login" time="4.324"/>
  <system-out/>
  <testcase classname="com.sgtesting.tests.CreateuserScenario" name="minimizeflyoutwindow" time="2.172"/>
  <system-out/>
  <testcase classname="com.sgtesting.tests.CreateuserScenario" name="createuser" time="11.944"/>
  <system-out/>
  <testcase classname="com.sgtesting.tests.CreateuserScenario" name="deleteuser" time="11.317"/>
  <system-out/>
  <testcase classname="com.sgtesting.tests.CreateuserScenario" name="logout" time="5.380"/>
  <system-out/>
  <testcase classname="com.sgtesting.tests.CreateuserScenario" name="exit" time="0.407"/>
  <system-out/>
</testsuite> <!-- com.sgtesting.tests.CreateuserScenario -->
