<?xml version="1.0" encoding="UTF-8"?>
<!-- Generated by org.testng.reporters.JUnitReportReporter -->
<testsuite hostname="DESKTOP-39CPDM6" failures="0" tests="7" name="com.sgtesting.tests.CreateCustomer" time="30.134" errors="0" timestamp="2022-07-28T08:15:51 IST" skipped="0">
  <testcase classname="com.sgtesting.tests.CreateCustomer" name="openbrowser" time="2.019"/>
  <system-out/>
  <testcase classname="com.sgtesting.tests.CreateCustomer" name="navigate" time="4.079"/>
  <system-out/>
  <testcase classname="com.sgtesting.tests.CreateCustomer" name="login" time="7.298"/>
  <system-out/>
  <testcase classname="com.sgtesting.tests.CreateCustomer" name="minimizeflyoutwindow" time="2.084"/>
  <system-out/>
  <testcase classname="com.sgtesting.tests.CreateCustomer" name="createcustomer" time="11.197"/>
  <system-out/>
  <testcase classname="com.sgtesting.tests.CreateCustomer" name="logout" time="3.340"/>
  <system-out/>
  <testcase classname="com.sgtesting.tests.CreateCustomer" name="exit" time="0.117"/>
  <system-out/>
</testsuite> <!-- com.sgtesting.tests.CreateCustomer -->
