<?xml version="1.0" encoding="UTF-8"?>
<!-- Generated by org.testng.reporters.JUnitReportReporter -->
<testsuite hostname="DESKTOP-39CPDM6" failures="0" tests="12" name="com.sgtesting.parameterized.CreateTask" time="79.900" errors="0" timestamp="2022-07-24T19:23:59 IST" skipped="0">
  <testcase classname="com.sgtesting.parameterized.CreateTask" name="launchBrowser" time="3.005"/>
  <system-out/>
  <testcase classname="com.sgtesting.parameterized.CreateTask" name="navigate" time="3.839"/>
  <system-out/>
  <testcase classname="com.sgtesting.parameterized.CreateTask" name="login" time="7.400"/>
  <system-out/>
  <testcase classname="com.sgtesting.parameterized.CreateTask" name="minimizeflyoutwindow" time="2.119"/>
  <system-out/>
  <testcase classname="com.sgtesting.parameterized.CreateTask" name="createCustomer" time="13.117"/>
  <system-out/>
  <testcase classname="com.sgtesting.parameterized.CreateTask" name="createproject" time="8.485"/>
  <system-out/>
  <testcase classname="com.sgtesting.parameterized.CreateTask" name="createtask" time="11.753"/>
  <system-out/>
  <testcase classname="com.sgtesting.parameterized.CreateTask" name="deletetask" time="8.407"/>
  <system-out/>
  <testcase classname="com.sgtesting.parameterized.CreateTask" name="deleteproject" time="8.522"/>
  <system-out/>
  <testcase classname="com.sgtesting.parameterized.CreateTask" name="delete" time="9.522"/>
  <system-out/>
  <testcase classname="com.sgtesting.parameterized.CreateTask" name="logout" time="3.597"/>
  <system-out/>
  <testcase classname="com.sgtesting.parameterized.CreateTask" name="exit" time="0.134"/>
  <system-out/>
</testsuite> <!-- com.sgtesting.parameterized.CreateTask -->
