<?xml version="1.0" encoding="UTF-8"?>
<!-- Generated by org.testng.reporters.JUnitReportReporter -->
<testsuite hostname="DESKTOP-39CPDM6" failures="0" tests="12" name="com.sgtesting.tests.CreateTask" time="73.022" errors="0" timestamp="2022-07-27T11:11:34 IST" skipped="0">
  <testcase classname="com.sgtesting.tests.CreateTask" name="launchBrowser" time="2.764"/>
  <system-out/>
  <testcase classname="com.sgtesting.tests.CreateTask" name="navigate" time="3.776"/>
  <system-out/>
  <testcase classname="com.sgtesting.tests.CreateTask" name="login" time="7.188"/>
  <system-out/>
  <testcase classname="com.sgtesting.tests.CreateTask" name="minimizeflyoutwindow" time="2.051"/>
  <system-out/>
  <testcase classname="com.sgtesting.tests.CreateTask" name="createCustomer" time="12.588"/>
  <system-out/>
  <testcase classname="com.sgtesting.tests.CreateTask" name="createproject" time="8.262"/>
  <system-out/>
  <testcase classname="com.sgtesting.tests.CreateTask" name="createtask" time="11.371"/>
  <system-out/>
  <testcase classname="com.sgtesting.tests.CreateTask" name="deletetask" time="4.188"/>
  <system-out/>
  <testcase classname="com.sgtesting.tests.CreateTask" name="deleteproject" time="8.275"/>
  <system-out/>
  <testcase classname="com.sgtesting.tests.CreateTask" name="deletecustomer" time="9.226"/>
  <system-out/>
  <testcase classname="com.sgtesting.tests.CreateTask" name="logout" time="3.214"/>
  <system-out/>
  <testcase classname="com.sgtesting.tests.CreateTask" name="exit" time="0.119"/>
  <system-out/>
</testsuite> <!-- com.sgtesting.tests.CreateTask -->
