<?xml version="1.0" encoding="UTF-8"?>
<!-- Generated by org.testng.reporters.JUnitReportReporter -->
<testsuite hostname="DESKTOP-39CPDM6" failures="0" tests="7" name="com.sgtesting.parameterized.CreateCustomer" time="31.646" errors="0" timestamp="2022-08-04T09:01:22 IST" skipped="0">
  <testcase classname="com.sgtesting.parameterized.CreateCustomer" name="openbrowser" time="2.670"/>
  <system-out/>
  <testcase classname="com.sgtesting.parameterized.CreateCustomer" name="navigate" time="4.694"/>
  <system-out/>
  <testcase classname="com.sgtesting.parameterized.CreateCustomer" name="login" time="7.345"/>
  <system-out/>
  <testcase classname="com.sgtesting.parameterized.CreateCustomer" name="minimizeflyoutwindow" time="2.106"/>
  <system-out/>
  <testcase classname="com.sgtesting.parameterized.CreateCustomer" name="createcustomer" time="11.396"/>
  <system-out/>
  <testcase classname="com.sgtesting.parameterized.CreateCustomer" name="logout" time="3.323"/>
  <system-out/>
  <testcase classname="com.sgtesting.parameterized.CreateCustomer" name="exit" time="0.112"/>
  <system-out/>
</testsuite> <!-- com.sgtesting.parameterized.CreateCustomer -->
