<?xml version="1.0" encoding="UTF-8"?>
<!-- Generated by org.testng.reporters.JUnitReportReporter -->
<testsuite hostname="DESKTOP-39CPDM6" failures="0" tests="10" name="com.sgtesting.parameterized.CreateProject" time="60.534" errors="0" timestamp="2022-07-24T19:23:59 IST" skipped="0">
  <testcase classname="com.sgtesting.parameterized.CreateProject" name="launchBrowser" time="2.906"/>
  <system-out/>
  <testcase classname="com.sgtesting.parameterized.CreateProject" name="navigate" time="3.861"/>
  <system-out/>
  <testcase classname="com.sgtesting.parameterized.CreateProject" name="login" time="9.357"/>
  <system-out/>
  <testcase classname="com.sgtesting.parameterized.CreateProject" name="minimizeflyoutwindow" time="2.099"/>
  <system-out/>
  <testcase classname="com.sgtesting.parameterized.CreateProject" name="createCustomer" time="13.064"/>
  <system-out/>
  <testcase classname="com.sgtesting.parameterized.CreateProject" name="createproject" time="8.482"/>
  <system-out/>
  <testcase classname="com.sgtesting.parameterized.CreateProject" name="deleteproject" time="8.550"/>
  <system-out/>
  <testcase classname="com.sgtesting.parameterized.CreateProject" name="deletecustomer" time="8.523"/>
  <system-out/>
  <testcase classname="com.sgtesting.parameterized.CreateProject" name="logout" time="3.567"/>
  <system-out/>
  <testcase classname="com.sgtesting.parameterized.CreateProject" name="exit" time="0.125"/>
  <system-out/>
</testsuite> <!-- com.sgtesting.parameterized.CreateProject -->
