<?xml version="1.0" encoding="UTF-8"?>
<!-- Generated by org.testng.reporters.JUnitReportReporter -->
<testsuite hostname="DESKTOP-39CPDM6" failures="0" tests="9" name="com.sgtesting.tests.ModifyUser" time="50.632" errors="0" timestamp="2022-07-29T21:57:39 IST" skipped="0">
  <testcase classname="com.sgtesting.tests.ModifyUser" name="launchBrowser" time="1.537"/>
  <system-out/>
  <testcase classname="com.sgtesting.tests.ModifyUser" name="navigate" time="5.668"/>
  <system-out/>
  <testcase classname="com.sgtesting.tests.ModifyUser" name="login" time="7.268"/>
  <system-out/>
  <testcase classname="com.sgtesting.tests.ModifyUser" name="minimize" time="1.062"/>
  <system-out/>
  <testcase classname="com.sgtesting.tests.ModifyUser" name="createuser" time="11.085"/>
  <system-out/>
  <testcase classname="com.sgtesting.tests.ModifyUser" name="modify" time="7.363"/>
  <system-out/>
  <testcase classname="com.sgtesting.tests.ModifyUser" name="deleteuser" time="9.233"/>
  <system-out/>
  <testcase classname="com.sgtesting.tests.ModifyUser" name="logout" time="7.310"/>
  <system-out/>
  <testcase classname="com.sgtesting.tests.ModifyUser" name="exit" time="0.106"/>
  <system-out/>
</testsuite> <!-- com.sgtesting.tests.ModifyUser -->
