<?xml version="1.0" encoding="UTF-8"?>
<!-- Generated by org.testng.reporters.JUnitReportReporter -->
<testsuite hostname="DESKTOP-39CPDM6" failures="0" tests="8" name="com.sgtesting.parameterized.CreateuserScenario" time="69.091" errors="0" timestamp="2022-07-29T13:57:32 IST" skipped="0">
  <testcase classname="com.sgtesting.parameterized.CreateuserScenario" name="openbrowser" time="7.046"/>
  <system-out/>
  <testcase classname="com.sgtesting.parameterized.CreateuserScenario" name="navigate" time="3.785"/>
  <system-out/>
  <testcase classname="com.sgtesting.parameterized.CreateuserScenario" name="login" time="4.271"/>
  <system-out/>
  <testcase classname="com.sgtesting.parameterized.CreateuserScenario" name="minimizeflyoutwindow" time="12.199"/>
  <system-out/>
  <testcase classname="com.sgtesting.parameterized.CreateuserScenario" name="createuser" time="12.167"/>
  <system-out/>
  <testcase classname="com.sgtesting.parameterized.CreateuserScenario" name="deleteuser" time="17.196"/>
  <system-out/>
  <testcase classname="com.sgtesting.parameterized.CreateuserScenario" name="logout" time="12.169"/>
  <system-out/>
  <testcase classname="com.sgtesting.parameterized.CreateuserScenario" name="exit" time="0.258"/>
  <system-out/>
</testsuite> <!-- com.sgtesting.parameterized.CreateuserScenario -->
