<?xml version="1.0" encoding="UTF-8"?>
<!-- Generated by org.testng.reporters.JUnitReportReporter -->
<testsuite hostname="DESKTOP-39CPDM6" failures="0" tests="9" name="com.sgtesting.parameterized.ModifyCustomer" time="34.034" errors="0" timestamp="2022-07-24T19:23:59 IST" skipped="0">
  <testcase classname="com.sgtesting.parameterized.ModifyCustomer" name="openbrowser" time="2.949"/>
  <system-out/>
  <testcase classname="com.sgtesting.parameterized.ModifyCustomer" name="navigate" time="3.603"/>
  <system-out/>
  <testcase classname="com.sgtesting.parameterized.ModifyCustomer" name="login" time="7.373"/>
  <system-out/>
  <testcase classname="com.sgtesting.parameterized.ModifyCustomer" name="minimizeflyoutwindow" time="2.135"/>
  <system-out/>
  <testcase classname="com.sgtesting.parameterized.ModifyCustomer" name="createCustomer" time="5.795"/>
  <system-out/>
  <testcase classname="com.sgtesting.parameterized.ModifyCustomer" name="modify" time="4.362"/>
  <system-out/>
  <testcase classname="com.sgtesting.parameterized.ModifyCustomer" name="delete" time="4.384"/>
  <system-out/>
  <testcase classname="com.sgtesting.parameterized.ModifyCustomer" name="logout" time="3.322"/>
  <system-out/>
  <testcase classname="com.sgtesting.parameterized.ModifyCustomer" name="exit" time="0.111"/>
  <system-out/>
</testsuite> <!-- com.sgtesting.parameterized.ModifyCustomer -->
