<?xml version="1.0" encoding="UTF-8"?>
<!-- Generated by org.testng.reporters.JUnitReportReporter -->
<testsuite hostname="DESKTOP-39CPDM6" failures="0" tests="10" name="com.sgtesting.tests.CreateProject" time="62.339" errors="0" timestamp="2022-07-27T11:11:34 IST" skipped="0">
  <testcase classname="com.sgtesting.tests.CreateProject" name="launchBrowser" time="5.076"/>
  <system-out/>
  <testcase classname="com.sgtesting.tests.CreateProject" name="navigate" time="3.911"/>
  <system-out/>
  <testcase classname="com.sgtesting.tests.CreateProject" name="login" time="9.242"/>
  <system-out/>
  <testcase classname="com.sgtesting.tests.CreateProject" name="minimizeflyoutwindow" time="2.063"/>
  <system-out/>
  <testcase classname="com.sgtesting.tests.CreateProject" name="createCustomer" time="12.743"/>
  <system-out/>
  <testcase classname="com.sgtesting.tests.CreateProject" name="createproject" time="9.306"/>
  <system-out/>
  <testcase classname="com.sgtesting.tests.CreateProject" name="deleteproject" time="8.297"/>
  <system-out/>
  <testcase classname="com.sgtesting.tests.CreateProject" name="deleteCustomer" time="8.351"/>
  <system-out/>
  <testcase classname="com.sgtesting.tests.CreateProject" name="logout" time="3.268"/>
  <system-out/>
  <testcase classname="com.sgtesting.tests.CreateProject" name="exit" time="0.082"/>
  <system-out/>
</testsuite> <!-- com.sgtesting.tests.CreateProject -->
