<?xml version="1.0" encoding="UTF-8"?>
<!-- Generated by org.testng.reporters.JUnitReportReporter -->
<testsuite hostname="DESKTOP-39CPDM6" failures="0" tests="9" name="com.sgtesting.softassertion.SAModifyCustomer" time="41.089" errors="0" timestamp="2022-07-30T00:56:01 IST" skipped="0">
  <testcase classname="com.sgtesting.softassertion.SAModifyCustomer" name="openbrowser" time="0.691"/>
  <system-out/>
  <testcase classname="com.sgtesting.softassertion.SAModifyCustomer" name="navigate" time="0.538"/>
  <system-out/>
  <testcase classname="com.sgtesting.softassertion.SAModifyCustomer" name="login" time="8.206"/>
  <system-out/>
  <testcase classname="com.sgtesting.softassertion.SAModifyCustomer" name="flyoutwindow" time="2.062"/>
  <system-out/>
  <testcase classname="com.sgtesting.softassertion.SAModifyCustomer" name="createcustomer" time="10.468"/>
  <system-out/>
  <testcase classname="com.sgtesting.softassertion.SAModifyCustomer" name="modifycustomer" time="6.243"/>
  <system-out/>
  <testcase classname="com.sgtesting.softassertion.SAModifyCustomer" name="deletecustomer" time="8.277"/>
  <system-out/>
  <testcase classname="com.sgtesting.softassertion.SAModifyCustomer" name="logout" time="4.531"/>
  <system-out/>
  <testcase classname="com.sgtesting.softassertion.SAModifyCustomer" name="exit" time="0.073"/>
  <system-out/>
</testsuite> <!-- com.sgtesting.softassertion.SAModifyCustomer -->
