<?xml version="1.0" encoding="UTF-8"?>
<!-- Generated by org.testng.reporters.JUnitReportReporter -->
<testsuite hostname="DESKTOP-39CPDM6" failures="0" tests="11" name="com.sgtesting.softassertion.SAModifyProject" time="59.971" errors="0" timestamp="2022-07-30T00:56:01 IST" skipped="0">
  <testcase classname="com.sgtesting.softassertion.SAModifyProject" name="launchBrowser" time="0.653"/>
  <system-out/>
  <testcase classname="com.sgtesting.softassertion.SAModifyProject" name="navigate" time="4.571"/>
  <system-out/>
  <testcase classname="com.sgtesting.softassertion.SAModifyProject" name="login" time="8.224"/>
  <system-out/>
  <testcase classname="com.sgtesting.softassertion.SAModifyProject" name="flyoutwindow" time="2.050"/>
  <system-out/>
  <testcase classname="com.sgtesting.softassertion.SAModifyProject" name="createcustomer" time="10.905"/>
  <system-out/>
  <testcase classname="com.sgtesting.softassertion.SAModifyProject" name="createproject" time="8.255"/>
  <system-out/>
  <testcase classname="com.sgtesting.softassertion.SAModifyProject" name="modifyproject" time="6.274"/>
  <system-out/>
  <testcase classname="com.sgtesting.softassertion.SAModifyProject" name="deleteproject" time="8.275"/>
  <system-out/>
  <testcase classname="com.sgtesting.softassertion.SAModifyProject" name="deletecustomer" time="8.278"/>
  <system-out/>
  <testcase classname="com.sgtesting.softassertion.SAModifyProject" name="logout" time="2.245"/>
  <system-out/>
  <testcase classname="com.sgtesting.softassertion.SAModifyProject" name="exit" time="0.241"/>
  <system-out/>
</testsuite> <!-- com.sgtesting.softassertion.SAModifyProject -->
