<?xml version="1.0" encoding="UTF-8"?>
<!-- Generated by org.testng.reporters.JUnitReportReporter -->
<testsuite hostname="DESKTOP-39CPDM6" failures="0" tests="10" name="com.sgtesting.softassertion.SACreateProject" time="57.022" errors="0" timestamp="2022-07-30T00:56:01 IST" skipped="0">
  <testcase classname="com.sgtesting.softassertion.SACreateProject" name="launchBrowser" time="1.716"/>
  <system-out/>
  <testcase classname="com.sgtesting.softassertion.SACreateProject" name="navigate" time="4.606"/>
  <system-out/>
  <testcase classname="com.sgtesting.softassertion.SACreateProject" name="login" time="8.229"/>
  <system-out/>
  <testcase classname="com.sgtesting.softassertion.SACreateProject" name="flyoutwindow" time="2.055"/>
  <system-out/>
  <testcase classname="com.sgtesting.softassertion.SACreateProject" name="createcustomer" time="10.901"/>
  <system-out/>
  <testcase classname="com.sgtesting.softassertion.SACreateProject" name="createproject" time="10.365"/>
  <system-out/>
  <testcase classname="com.sgtesting.softassertion.SACreateProject" name="deleteproject" time="8.298"/>
  <system-out/>
  <testcase classname="com.sgtesting.softassertion.SACreateProject" name="deletecustomer" time="8.258"/>
  <system-out/>
  <testcase classname="com.sgtesting.softassertion.SACreateProject" name="logout" time="2.231"/>
  <system-out/>
  <testcase classname="com.sgtesting.softassertion.SACreateProject" name="exit" time="0.363"/>
  <system-out/>
</testsuite> <!-- com.sgtesting.softassertion.SACreateProject -->
